<?xml version="1.0" encoding="UTF-8"?>
<!-- Generated by org.testng.reporters.JUnitXMLReporter -->
<testsuite ignored="8" hostname="Serenity" failures="0" tests="5" name="TestRunner-Firefox" time="186.494" errors="0" timestamp="2021-10-08T16:20:23 IST">
  <testcase classname="com.vitiger.testScriptWithTestmethod.tc_09CreateOrgWithEmailoptOutCheck" name="CreateOrgWithEmailoptOutCheckTest" time="18.211"/>
  <testcase classname="com.vitiger.testScriptWithTestmethod.tc_07creatorWithMemberAndClear" name="creatorWithMemberAndClearTest" time="29.289"/>
  <testcase classname="com.vitiger.testScriptWithTestmethod.tc_10CreateOrgWithAssignedtoAsAdministrator" name="CreateOrgWithAssignedtoAsAdministratorTest" time="18.51"/>
  <testcase classname="com.vitiger.testScriptWithTestmethod.tc_08CreatOrgWithEmailOptOut" name="CreatOrgWithEmailOptOutTest" time="18.226"/>
  <testcase classname="com.vitiger.testScriptWithTestmethod.tc_06CreateOrgWithMemberOf" name="CreateOrgWithMemberOfTest" time="33.893"/>
  <testcase classname="GenericLibraries.BaseTestClass" name="@AfterSuite closeDB" time="0.0">
    <ignored/>
  </testcase> <!-- @AfterSuite closeDB -->
  <testcase classname="GenericLibraries.BaseTestClass" name="@AfterSuite closeDB" time="0.0">
    <ignored/>
  </testcase> <!-- @AfterSuite closeDB -->
  <testcase classname="GenericLibraries.BaseTestClass" name="@AfterSuite closeDB" time="0.0">
    <ignored/>
  </testcase> <!-- @AfterSuite closeDB -->
  <testcase classname="GenericLibraries.BaseTestClass" name="@AfterSuite closeDB" time="0.0">
    <ignored/>
  </testcase> <!-- @AfterSuite closeDB -->
  <testcase classname="GenericLibraries.BaseTestClass" name="@BeforeSuite createconnnectionWithDatabase" time="0.0">
    <ignored/>
  </testcase> <!-- @BeforeSuite createconnnectionWithDatabase -->
  <testcase classname="GenericLibraries.BaseTestClass" name="@BeforeSuite createconnnectionWithDatabase" time="0.0">
    <ignored/>
  </testcase> <!-- @BeforeSuite createconnnectionWithDatabase -->
  <testcase classname="GenericLibraries.BaseTestClass" name="@BeforeSuite createconnnectionWithDatabase" time="0.0">
    <ignored/>
  </testcase> <!-- @BeforeSuite createconnnectionWithDatabase -->
  <testcase classname="GenericLibraries.BaseTestClass" name="@BeforeSuite createconnnectionWithDatabase" time="0.0">
    <ignored/>
  </testcase> <!-- @BeforeSuite createconnnectionWithDatabase -->
</testsuite> <!-- TestRunner-Firefox -->
