<?xml version="1.0" encoding="UTF-8"?>
<!-- Generated by org.testng.reporters.JUnitXMLReporter -->
<testsuite ignored="8" hostname="Serenity" failures="0" tests="5" name="TestRunner-Chrome" time="183.27" errors="0" timestamp="2021-10-08T16:20:21 IST">
  <testcase classname="com.vitiger.testScriptWithTestmethod.tc_09CreateOrgWithEmailoptOutCheck" name="CreateOrgWithEmailoptOutCheckTest" time="21.875"/>
  <testcase classname="com.vitiger.testScriptWithTestmethod.tc_07creatorWithMemberAndClear" name="creatorWithMemberAndClearTest" time="36.495"/>
  <testcase classname="com.vitiger.testScriptWithTestmethod.tc_10CreateOrgWithAssignedtoAsAdministrator" name="CreateOrgWithAssignedtoAsAdministratorTest" time="17.648"/>
  <testcase classname="com.vitiger.testScriptWithTestmethod.tc_08CreatOrgWithEmailOptOut" name="CreatOrgWithEmailOptOutTest" time="17.618"/>
  <testcase classname="com.vitiger.testScriptWithTestmethod.tc_06CreateOrgWithMemberOf" name="CreateOrgWithMemberOfTest" time="35.776"/>
  <testcase classname="GenericLibraries.BaseTestClass" name="@AfterSuite closeDB" time="0.0">
    <ignored/>
  </testcase> <!-- @AfterSuite closeDB -->
  <testcase classname="GenericLibraries.BaseTestClass" name="@AfterSuite closeDB" time="0.0">
    <ignored/>
  </testcase> <!-- @AfterSuite closeDB -->
  <testcase classname="GenericLibraries.BaseTestClass" name="@AfterSuite closeDB" time="0.0">
    <ignored/>
  </testcase> <!-- @AfterSuite closeDB -->
  <testcase classname="GenericLibraries.BaseTestClass" name="@AfterSuite closeDB" time="0.0">
    <ignored/>
  </testcase> <!-- @AfterSuite closeDB -->
  <testcase classname="GenericLibraries.BaseTestClass" name="@BeforeSuite createconnnectionWithDatabase" time="0.0">
    <ignored/>
  </testcase> <!-- @BeforeSuite createconnnectionWithDatabase -->
  <testcase classname="GenericLibraries.BaseTestClass" name="@BeforeSuite createconnnectionWithDatabase" time="0.0">
    <ignored/>
  </testcase> <!-- @BeforeSuite createconnnectionWithDatabase -->
  <testcase classname="GenericLibraries.BaseTestClass" name="@BeforeSuite createconnnectionWithDatabase" time="0.0">
    <ignored/>
  </testcase> <!-- @BeforeSuite createconnnectionWithDatabase -->
  <testcase classname="GenericLibraries.BaseTestClass" name="@BeforeSuite createconnnectionWithDatabase" time="0.0">
    <ignored/>
  </testcase> <!-- @BeforeSuite createconnnectionWithDatabase -->
</testsuite> <!-- TestRunner-Chrome -->
