<?xml version="1.0" encoding="UTF-8"?>
<!-- Generated by org.testng.reporters.JUnitXMLReporter -->
<testsuite ignored="2" hostname="Serenity" failures="0" tests="2" name="Test runner 2" time="114.126" errors="0" timestamp="2021-10-08T12:22:48 IST">
  <testcase classname="com.vitiger.testScriptWithTestmethod.tc_08CreatOrgWithEmailOptOut" name="CreatOrgWithEmailOptOutTest" time="27.751"/>
  <testcase classname="com.vitiger.testScriptWithTestmethod.tc_06CreateOrgWithMemberOf" name="CreateOrgWithMemberOfTest" time="59.135"/>
  <testcase classname="GenericLibraries.BaseTestClass" name="@AfterSuite closeDB" time="0.0">
    <ignored/>
  </testcase> <!-- @AfterSuite closeDB -->
  <testcase classname="GenericLibraries.BaseTestClass" name="@BeforeSuite createconnnectionWithDatabase" time="0.0">
    <ignored/>
  </testcase> <!-- @BeforeSuite createconnnectionWithDatabase -->
</testsuite> <!-- Test runner 2 -->
