<?xml version="1.0" encoding="UTF-8"?>
<!-- Generated by org.testng.reporters.JUnitXMLReporter -->
<testsuite ignored="4" hostname="Serenity" failures="0" tests="3" name="Test runner 1" time="147.831" errors="0" timestamp="2021-10-08T12:23:22 IST">
  <testcase classname="com.vitiger.testScriptWithTestmethod.tc_09CreateOrgWithEmailoptOutCheck" name="CreateOrgWithEmailoptOutCheckTest" time="30.499"/>
  <testcase classname="com.vitiger.testScriptWithTestmethod.tc_07creatorWithMemberAndClear" name="creatorWithMemberAndClearTest" time="54.544"/>
  <testcase classname="com.vitiger.testScriptWithTestmethod.tc_10CreateOrgWithAssignedtoAsAdministrator" name="CreateOrgWithAssignedtoAsAdministratorTest" time="22.843"/>
  <testcase classname="GenericLibraries.BaseTestClass" name="@AfterSuite closeDB" time="0.0">
    <ignored/>
  </testcase> <!-- @AfterSuite closeDB -->
  <testcase classname="GenericLibraries.BaseTestClass" name="@AfterSuite closeDB" time="0.0">
    <ignored/>
  </testcase> <!-- @AfterSuite closeDB -->
  <testcase classname="GenericLibraries.BaseTestClass" name="@BeforeSuite createconnnectionWithDatabase" time="0.0">
    <ignored/>
  </testcase> <!-- @BeforeSuite createconnnectionWithDatabase -->
  <testcase classname="GenericLibraries.BaseTestClass" name="@BeforeSuite createconnnectionWithDatabase" time="0.0">
    <ignored/>
  </testcase> <!-- @BeforeSuite createconnnectionWithDatabase -->
</testsuite> <!-- Test runner 1 -->
