<?xml version="1.0" encoding="UTF-8"?>
<!-- Generated by org.testng.reporters.JUnitXMLReporter -->
<testsuite ignored="8" hostname="Serenity" failures="0" tests="5" name="Test" time="231.92" errors="0" timestamp="2021-10-08T11:15:22 IST">
  <testcase classname="com.vitiger.testScriptWithTestmethod.tc_09CreateOrgWithEmailoptOutCheck" name="CreateOrgWithEmailoptOutCheckTest" time="27.338"/>
  <testcase classname="com.vitiger.testScriptWithTestmethod.tc_07creatorWithMemberAndClear" name="creatorWithMemberAndClearTest" time="46.981"/>
  <testcase classname="com.vitiger.testScriptWithTestmethod.tc_10CreateOrgWithAssignedtoAsAdministrator" name="CreateOrgWithAssignedtoAsAdministratorTest" time="22.537"/>
  <testcase classname="com.vitiger.testScriptWithTestmethod.tc_08CreatOrgWithEmailOptOut" name="CreatOrgWithEmailOptOutTest" time="25.116"/>
  <testcase classname="com.vitiger.testScriptWithTestmethod.tc_06CreateOrgWithMemberOf" name="CreateOrgWithMemberOfTest" time="49.495"/>
  <testcase classname="GenericLibraries.BaseTestClass" name="@AfterSuite closeDB" time="0.0">
    <ignored/>
  </testcase> <!-- @AfterSuite closeDB -->
  <testcase classname="GenericLibraries.BaseTestClass" name="@AfterSuite closeDB" time="0.0">
    <ignored/>
  </testcase> <!-- @AfterSuite closeDB -->
  <testcase classname="GenericLibraries.BaseTestClass" name="@AfterSuite closeDB" time="0.0">
    <ignored/>
  </testcase> <!-- @AfterSuite closeDB -->
  <testcase classname="GenericLibraries.BaseTestClass" name="@AfterSuite closeDB" time="0.0">
    <ignored/>
  </testcase> <!-- @AfterSuite closeDB -->
  <testcase classname="GenericLibraries.BaseTestClass" name="@BeforeSuite createconnnectionWithDatabase" time="0.0">
    <ignored/>
  </testcase> <!-- @BeforeSuite createconnnectionWithDatabase -->
  <testcase classname="GenericLibraries.BaseTestClass" name="@BeforeSuite createconnnectionWithDatabase" time="0.0">
    <ignored/>
  </testcase> <!-- @BeforeSuite createconnnectionWithDatabase -->
  <testcase classname="GenericLibraries.BaseTestClass" name="@BeforeSuite createconnnectionWithDatabase" time="0.0">
    <ignored/>
  </testcase> <!-- @BeforeSuite createconnnectionWithDatabase -->
  <testcase classname="GenericLibraries.BaseTestClass" name="@BeforeSuite createconnnectionWithDatabase" time="0.0">
    <ignored/>
  </testcase> <!-- @BeforeSuite createconnnectionWithDatabase -->
</testsuite> <!-- Test -->
